<?xml version="1.0" encoding="UTF-8"?>
<testng-results skipped="0" failed="0" total="1" passed="1">
  <reporter-output>
  </reporter-output>
  <suite name="Default suite" duration-ms="208358" started-at="2015-09-28T06:56:26Z" finished-at="2015-09-28T06:59:54Z">
    <groups>
    </groups>
    <test name="Default test" duration-ms="208358" started-at="2015-09-28T06:56:26Z" finished-at="2015-09-28T06:59:54Z">
      <class name="corpMISHolidayCalender.Calender">
        <test-method status="PASS" signature="browser()[pri:0, instance:corpMISHolidayCalender.Calender@39401e69]" name="browser" is-config="true" duration-ms="15944" started-at="2015-09-28T12:26:26Z" finished-at="2015-09-28T12:26:42Z">
          <reporter-output>
          </reporter-output>
        </test-method> <!-- browser -->
        <test-method status="PASS" signature="HolidayCalender()[pri:0, instance:corpMISHolidayCalender.Calender@39401e69]" name="HolidayCalender" duration-ms="189723" started-at="2015-09-28T12:26:42Z" finished-at="2015-09-28T12:29:52Z">
          <reporter-output>
          </reporter-output>
        </test-method> <!-- HolidayCalender -->
        <test-method status="PASS" signature="tearDown()[pri:0, instance:corpMISHolidayCalender.Calender@39401e69]" name="tearDown" is-config="true" duration-ms="2666" started-at="2015-09-28T12:29:52Z" finished-at="2015-09-28T12:29:54Z">
          <reporter-output>
          </reporter-output>
        </test-method> <!-- tearDown -->
      </class> <!-- corpMISHolidayCalender.Calender -->
    </test> <!-- Default test -->
  </suite> <!-- Default suite -->
</testng-results>
